This is pdfTeX, Version 3.14159265-2.6-1.40.16 (TeX Live 2015) (preloaded format=pdflatex 2015.5.24)  17 OCT 2017 17:39
entering extended mode
 restricted \write18 enabled.
 file:line:error style messages enabled.
 %&-line parsing enabled.
**HW4_hudanyun_sheng.tex
(./HW4_hudanyun_sheng.tex
LaTeX2e <2015/01/01>
Babel <3.9l> and hyphenation patterns for 79 languages loaded.
(/usr/local/texlive/2015/texmf-dist/tex/latex/base/article.cls
Document Class: article 2014/09/29 v1.4h Standard LaTeX document class
(/usr/local/texlive/2015/texmf-dist/tex/latex/base/size10.clo
File: size10.clo 2014/09/29 v1.4h Standard LaTeX file (size option)
)
\c@part=\count79
\c@section=\count80
\c@subsection=\count81
\c@subsubsection=\count82
\c@paragraph=\count83
\c@subparagraph=\count84
\c@figure=\count85
\c@table=\count86
\abovecaptionskip=\skip41
\belowcaptionskip=\skip42
\bibindent=\dimen102
)
(/usr/local/texlive/2015/texmf-dist/tex/latex/tools/enumerate.sty
Package: enumerate 2014/10/28 v3.00 enumerate extensions (DPC)
\@enLab=\toks14
)
(/usr/local/texlive/2015/texmf-dist/tex/latex/geometry/geometry.sty
Package: geometry 2010/09/12 v5.6 Page Geometry

(/usr/local/texlive/2015/texmf-dist/tex/latex/graphics/keyval.sty
Package: keyval 2014/10/28 v1.15 key=value parser (DPC)
\KV@toks@=\toks15
)
(/usr/local/texlive/2015/texmf-dist/tex/generic/oberdiek/ifpdf.sty
Package: ifpdf 2011/01/30 v2.3 Provides the ifpdf switch (HO)
Package ifpdf Info: pdfTeX in PDF mode is detected.
)
(/usr/local/texlive/2015/texmf-dist/tex/generic/oberdiek/ifvtex.sty
Package: ifvtex 2010/03/01 v1.5 Detect VTeX and its facilities (HO)
Package ifvtex Info: VTeX not detected.
)
(/usr/local/texlive/2015/texmf-dist/tex/generic/ifxetex/ifxetex.sty
Package: ifxetex 2010/09/12 v0.6 Provides ifxetex conditional
)
\Gm@cnth=\count87
\Gm@cntv=\count88
\c@Gm@tempcnt=\count89
\Gm@bindingoffset=\dimen103
\Gm@wd@mp=\dimen104
\Gm@odd@mp=\dimen105
\Gm@even@mp=\dimen106
\Gm@layoutwidth=\dimen107
\Gm@layoutheight=\dimen108
\Gm@layouthoffset=\dimen109
\Gm@layoutvoffset=\dimen110
\Gm@dimlist=\toks16
)
(/usr/local/texlive/2015/texmf-dist/tex/latex/setspace/setspace.sty
Package: setspace 2011/12/19 v6.7a set line spacing
)
(/usr/local/texlive/2015/texmf-dist/tex/latex/amsmath/amsmath.sty
Package: amsmath 2013/01/14 v2.14 AMS math features
\@mathmargin=\skip43

For additional information on amsmath, use the `?' option.
(/usr/local/texlive/2015/texmf-dist/tex/latex/amsmath/amstext.sty
Package: amstext 2000/06/29 v2.01

(/usr/local/texlive/2015/texmf-dist/tex/latex/amsmath/amsgen.sty
File: amsgen.sty 1999/11/30 v2.0
\@emptytoks=\toks17
\ex@=\dimen111
))
(/usr/local/texlive/2015/texmf-dist/tex/latex/amsmath/amsbsy.sty
Package: amsbsy 1999/11/29 v1.2d
\pmbraise@=\dimen112
)
(/usr/local/texlive/2015/texmf-dist/tex/latex/amsmath/amsopn.sty
Package: amsopn 1999/12/14 v2.01 operator names
)
\inf@bad=\count90
LaTeX Info: Redefining \frac on input line 210.
\uproot@=\count91
\leftroot@=\count92
LaTeX Info: Redefining \overline on input line 306.
\classnum@=\count93
\DOTSCASE@=\count94
LaTeX Info: Redefining \ldots on input line 378.
LaTeX Info: Redefining \dots on input line 381.
LaTeX Info: Redefining \cdots on input line 466.
\Mathstrutbox@=\box26
\strutbox@=\box27
\big@size=\dimen113
LaTeX Font Info:    Redeclaring font encoding OML on input line 566.
LaTeX Font Info:    Redeclaring font encoding OMS on input line 567.
\macc@depth=\count95
\c@MaxMatrixCols=\count96
\dotsspace@=\muskip10
\c@parentequation=\count97
\dspbrk@lvl=\count98
\tag@help=\toks18
\row@=\count99
\column@=\count100
\maxfields@=\count101
\andhelp@=\toks19
\eqnshift@=\dimen114
\alignsep@=\dimen115
\tagshift@=\dimen116
\tagwidth@=\dimen117
\totwidth@=\dimen118
\lineht@=\dimen119
\@envbody=\toks20
\multlinegap=\skip44
\multlinetaggap=\skip45
\mathdisplay@stack=\toks21
LaTeX Info: Redefining \[ on input line 2665.
LaTeX Info: Redefining \] on input line 2666.
)
(/usr/local/texlive/2015/texmf-dist/tex/latex/amsfonts/amssymb.sty
Package: amssymb 2013/01/14 v3.01 AMS font symbols

(/usr/local/texlive/2015/texmf-dist/tex/latex/amsfonts/amsfonts.sty
Package: amsfonts 2013/01/14 v3.01 Basic AMSFonts support
\symAMSa=\mathgroup4
\symAMSb=\mathgroup5
LaTeX Font Info:    Overwriting math alphabet `\mathfrak' in version `bold'
(Font)                  U/euf/m/n --> U/euf/b/n on input line 106.
))
(/usr/local/texlive/2015/texmf-dist/tex/latex/cite/cite.sty
LaTeX Info: Redefining \cite on input line 302.
LaTeX Info: Redefining \nocite on input line 332.
Package: cite 2015/02/27  v 5.5
)
(/usr/local/texlive/2015/texmf-dist/tex/latex/graphics/graphicx.sty
Package: graphicx 2014/10/28 v1.0g Enhanced LaTeX Graphics (DPC,SPQR)

(/usr/local/texlive/2015/texmf-dist/tex/latex/graphics/graphics.sty
Package: graphics 2014/10/28 v1.0p Standard LaTeX Graphics (DPC,SPQR)

(/usr/local/texlive/2015/texmf-dist/tex/latex/graphics/trig.sty
Package: trig 1999/03/16 v1.09 sin cos tan (DPC)
)
(/usr/local/texlive/2015/texmf-dist/tex/latex/latexconfig/graphics.cfg
File: graphics.cfg 2010/04/23 v1.9 graphics configuration of TeX Live
)
Package graphics Info: Driver file: pdftex.def on input line 94.

(/usr/local/texlive/2015/texmf-dist/tex/latex/pdftex-def/pdftex.def
File: pdftex.def 2011/05/27 v0.06d Graphics/color for pdfTeX

(/usr/local/texlive/2015/texmf-dist/tex/generic/oberdiek/infwarerr.sty
Package: infwarerr 2010/04/08 v1.3 Providing info/warning/error messages (HO)
)
(/usr/local/texlive/2015/texmf-dist/tex/generic/oberdiek/ltxcmds.sty
Package: ltxcmds 2011/11/09 v1.22 LaTeX kernel commands for general use (HO)
)
\Gread@gobject=\count102
))
\Gin@req@height=\dimen120
\Gin@req@width=\dimen121
)
(/usr/local/texlive/2015/texmf-dist/tex/latex/float/float.sty
Package: float 2001/11/08 v1.3d Float enhancements (AL)
\c@float@type=\count103
\float@exts=\toks22
\float@box=\box28
\@float@everytoks=\toks23
\@floatcapt=\box29
)
(/usr/local/texlive/2015/texmf-dist/tex/latex/subfigure/subfigure.sty
Package: subfigure 2002/03/15 v2.1.5 subfigure package
\subfigtopskip=\skip46
\subfigcapskip=\skip47
\subfigcaptopadj=\dimen122
\subfigbottomskip=\skip48
\subfigcapmargin=\dimen123
\subfiglabelskip=\skip49
\c@subfigure=\count104
\c@lofdepth=\count105
\c@subtable=\count106
\c@lotdepth=\count107

****************************************
* Local config file subfigure.cfg used *
****************************************
(/usr/local/texlive/2015/texmf-dist/tex/latex/subfigure/subfigure.cfg)
\subfig@top=\skip50
\subfig@bottom=\skip51
)
(/usr/local/texlive/2015/texmf-dist/tex/latex/listings/listings.sty
\lst@mode=\count108
\lst@gtempboxa=\box30
\lst@token=\toks24
\lst@length=\count109
\lst@currlwidth=\dimen124
\lst@column=\count110
\lst@pos=\count111
\lst@lostspace=\dimen125
\lst@width=\dimen126
\lst@newlines=\count112
\lst@lineno=\count113
\lst@maxwidth=\dimen127

(/usr/local/texlive/2015/texmf-dist/tex/latex/listings/lstmisc.sty
File: lstmisc.sty 2014/09/06 1.5e (Carsten Heinz)
\c@lstnumber=\count114
\lst@skipnumbers=\count115
\lst@framebox=\box31
)
(/usr/local/texlive/2015/texmf-dist/tex/latex/listings/listings.cfg
File: listings.cfg 2014/09/06 1.5e listings configuration
))
Package: listings 2014/09/06 1.5e (Carsten Heinz)

(./HW4_hudanyun_sheng.aux

LaTeX Warning: Label `fig1' multiply defined.


LaTeX Warning: Label `fig:side:b' multiply defined.


LaTeX Warning: Label `fig:side:b' multiply defined.


LaTeX Warning: Label `q' multiply defined.


LaTeX Warning: Label `fig:side:b' multiply defined.


LaTeX Warning: Label `fig:side:b' multiply defined.


LaTeX Warning: Label `fig:side:b' multiply defined.


LaTeX Warning: Label `fig:side:b' multiply defined.


LaTeX Warning: Label `q' multiply defined.


LaTeX Warning: Label `fig:side:b' multiply defined.


LaTeX Warning: Label `fig:side:b' multiply defined.


LaTeX Warning: Label `fig:side:b' multiply defined.


LaTeX Warning: Label `fig:side:b' multiply defined.


LaTeX Warning: Label `fig:side:b' multiply defined.

)
\openout1 = `HW4_hudanyun_sheng.aux'.

LaTeX Font Info:    Checking defaults for OML/cmm/m/it on input line 15.
LaTeX Font Info:    ... okay on input line 15.
LaTeX Font Info:    Checking defaults for T1/cmr/m/n on input line 15.
LaTeX Font Info:    ... okay on input line 15.
LaTeX Font Info:    Checking defaults for OT1/cmr/m/n on input line 15.
LaTeX Font Info:    ... okay on input line 15.
LaTeX Font Info:    Checking defaults for OMS/cmsy/m/n on input line 15.
LaTeX Font Info:    ... okay on input line 15.
LaTeX Font Info:    Checking defaults for OMX/cmex/m/n on input line 15.
LaTeX Font Info:    ... okay on input line 15.
LaTeX Font Info:    Checking defaults for U/cmr/m/n on input line 15.
LaTeX Font Info:    ... okay on input line 15.

*geometry* driver: auto-detecting
*geometry* detected driver: pdftex
*geometry* verbose mode - [ preamble ] result:
* driver: pdftex
* paper: a4paper
* layout: <same size as paper>
* layoutoffset:(h,v)=(0.0pt,0.0pt)
* modes: 
* h-part:(L,W,R)=(39.83368pt, 517.84052pt, 39.83368pt)
* v-part:(T,H,B)=(71.13188pt, 702.78308pt, 71.13188pt)
* \paperwidth=597.50787pt
* \paperheight=845.04684pt
* \textwidth=517.84052pt
* \textheight=702.78308pt
* \oddsidemargin=-32.43631pt
* \evensidemargin=-32.43631pt
* \topmargin=-38.1381pt
* \headheight=12.0pt
* \headsep=25.0pt
* \topskip=10.0pt
* \footskip=30.0pt
* \marginparwidth=57.0pt
* \marginparsep=11.0pt
* \columnsep=10.0pt
* \skip\footins=9.0pt plus 4.0pt minus 2.0pt
* \hoffset=0.0pt
* \voffset=0.0pt
* \mag=1000
* \@twocolumnfalse
* \@twosidefalse
* \@mparswitchfalse
* \@reversemarginfalse
* (1in=72.27pt=25.4mm, 1cm=28.453pt)

(/usr/local/texlive/2015/texmf-dist/tex/context/base/supp-pdf.mkii
[Loading MPS to PDF converter (version 2006.09.02).]
\scratchcounter=\count116
\scratchdimen=\dimen128
\scratchbox=\box32
\nofMPsegments=\count117
\nofMParguments=\count118
\everyMPshowfont=\toks25
\MPscratchCnt=\count119
\MPscratchDim=\dimen129
\MPnumerator=\count120
\makeMPintoPDFobject=\count121
\everyMPtoPDFconversion=\toks26
) (/usr/local/texlive/2015/texmf-dist/tex/generic/oberdiek/pdftexcmds.sty
Package: pdftexcmds 2011/11/29 v0.20 Utility functions of pdfTeX for LuaTeX (HO
)

(/usr/local/texlive/2015/texmf-dist/tex/generic/oberdiek/ifluatex.sty
Package: ifluatex 2010/03/01 v1.3 Provides the ifluatex switch (HO)
Package ifluatex Info: LuaTeX not detected.
)
Package pdftexcmds Info: LuaTeX not detected.
Package pdftexcmds Info: \pdf@primitive is available.
Package pdftexcmds Info: \pdf@ifprimitive is available.
Package pdftexcmds Info: \pdfdraftmode found.
)
(/usr/local/texlive/2015/texmf-dist/tex/latex/oberdiek/epstopdf-base.sty
Package: epstopdf-base 2010/02/09 v2.5 Base part for package epstopdf

(/usr/local/texlive/2015/texmf-dist/tex/latex/oberdiek/grfext.sty
Package: grfext 2010/08/19 v1.1 Manage graphics extensions (HO)

(/usr/local/texlive/2015/texmf-dist/tex/generic/oberdiek/kvdefinekeys.sty
Package: kvdefinekeys 2011/04/07 v1.3 Define keys (HO)
))
(/usr/local/texlive/2015/texmf-dist/tex/latex/oberdiek/kvoptions.sty
Package: kvoptions 2011/06/30 v3.11 Key value format for package options (HO)

(/usr/local/texlive/2015/texmf-dist/tex/generic/oberdiek/kvsetkeys.sty
Package: kvsetkeys 2012/04/25 v1.16 Key value parser (HO)

(/usr/local/texlive/2015/texmf-dist/tex/generic/oberdiek/etexcmds.sty
Package: etexcmds 2011/02/16 v1.5 Avoid name clashes with e-TeX commands (HO)
Package etexcmds Info: Could not find \expanded.
(etexcmds)             That can mean that you are not using pdfTeX 1.50 or
(etexcmds)             that some package has redefined \expanded.
(etexcmds)             In the latter case, load this package earlier.
)))
Package grfext Info: Graphics extension search list:
(grfext)             [.png,.pdf,.jpg,.mps,.jpeg,.jbig2,.jb2,.PNG,.PDF,.JPG,.JPE
G,.JBIG2,.JB2,.eps]
(grfext)             \AppendGraphicsExtensions on input line 452.

(/usr/local/texlive/2015/texmf-dist/tex/latex/latexconfig/epstopdf-sys.cfg
File: epstopdf-sys.cfg 2010/07/13 v1.3 Configuration of (r)epstopdf for TeX Liv
e
))
\c@lstlisting=\count122
LaTeX Font Info:    Try loading font information for U+msa on input line 34.

(/usr/local/texlive/2015/texmf-dist/tex/latex/amsfonts/umsa.fd
File: umsa.fd 2013/01/14 v3.01 AMS symbols A
)
LaTeX Font Info:    Try loading font information for U+msb on input line 34.

(/usr/local/texlive/2015/texmf-dist/tex/latex/amsfonts/umsb.fd
File: umsb.fd 2013/01/14 v3.01 AMS symbols B
) [1

{/usr/local/texlive/2015/texmf-var/fonts/map/pdftex/updmap/pdftex.map}]
<exp1.jpg, id=14, 1893.0725pt x 798.985pt>
File: exp1.jpg Graphic file (type jpg)
 <use exp1.jpg>
Package pdftex.def Info: exp1.jpg used on input line 58.
(pdftex.def)             Requested size: 542.025pt x 228.76155pt.

Overfull \hbox (24.18448pt too wide) in paragraph at lines 58--59
 [][] 
 []

<exp2.jpg, id=15, 1897.0875pt x 807.015pt>
File: exp2.jpg Graphic file (type jpg)
 <use exp2.jpg>
Package pdftex.def Info: exp2.jpg used on input line 65.
(pdftex.def)             Requested size: 542.025pt x 230.5681pt.

Overfull \hbox (24.18448pt too wide) in paragraph at lines 65--66
 [][] 
 []

[2 <./exp1.jpg> <./exp2.jpg>]
LaTeX Font Info:    Try loading font information for OMS+cmr on input line 75.

(/usr/local/texlive/2015/texmf-dist/tex/latex/base/omscmr.fd
File: omscmr.fd 2014/09/29 v2.5h Standard LaTeX font definitions
)
LaTeX Font Info:    Font shape `OMS/cmr/m/n' in size <10> not available
(Font)              Font shape `OMS/cmsy/m/n' tried instead on input line 75.

<ML1.jpg, id=19, 1171.37625pt x 878.28125pt>
File: ML1.jpg Graphic file (type jpg)
 <use ML1.jpg>
Package pdftex.def Info: ML1.jpg used on input line 78.
(pdftex.def)             Requested size: 216.81pt x 162.55989pt.

<ML5.jpg, id=20, 1171.37625pt x 878.28125pt>
File: ML5.jpg Graphic file (type jpg)
 <use ML5.jpg>
Package pdftex.def Info: ML5.jpg used on input line 79.
(pdftex.def)             Requested size: 216.81pt x 162.55989pt.

<MAP1.jpg, id=21, 1171.37625pt x 878.28125pt>
File: MAP1.jpg Graphic file (type jpg)
 <use MAP1.jpg>
Package pdftex.def Info: MAP1.jpg used on input line 85.
(pdftex.def)             Requested size: 216.81pt x 162.55989pt.

<MAP5.jpg, id=22, 1171.37625pt x 878.28125pt>
File: MAP5.jpg Graphic file (type jpg)
 <use MAP5.jpg>
Package pdftex.def Info: MAP5.jpg used on input line 86.
(pdftex.def)             Requested size: 216.81pt x 162.55989pt.

<100comparison1.jpg, id=23, 1171.37625pt x 878.28125pt>
File: 100comparison1.jpg Graphic file (type jpg)

<use 100comparison1.jpg>
Package pdftex.def Info: 100comparison1.jpg used on input line 92.
(pdftex.def)             Requested size: 216.81pt x 162.55989pt.

<100comparison5.jpg, id=24, 1171.37625pt x 878.28125pt>
File: 100comparison5.jpg Graphic file (type jpg)

<use 100comparison5.jpg>
Package pdftex.def Info: 100comparison5.jpg used on input line 93.
(pdftex.def)             Requested size: 216.81pt x 162.55989pt.

Underfull \hbox (badness 10000) in paragraph at lines 97--98

 []

[3 <./ML1.jpg> <./ML5.jpg> <./MAP1.jpg> <./MAP5.jpg> <./100comparison1.jpg> <./
100comparison5.jpg>] <MAP3.jpg, id=29, 1171.37625pt x 878.28125pt>
File: MAP3.jpg Graphic file (type jpg)

<use MAP3.jpg>
Package pdftex.def Info: MAP3.jpg used on input line 102.
(pdftex.def)             Requested size: 216.81pt x 162.55989pt.
 <MAP7.jpg, id=30, 1171.37625pt x 878.28125pt>
File: MAP7.jpg Graphic file (type jpg)
 <use MAP7.jpg>
Package pdftex.def Info: MAP7.jpg used on input line 103.
(pdftex.def)             Requested size: 216.81pt x 162.55989pt.

[4 <./MAP3.jpg> <./MAP7.jpg>]
File: ML5.jpg Graphic file (type jpg)
 <use ML5.jpg>
Package pdftex.def Info: ML5.jpg used on input line 114.
(pdftex.def)             Requested size: 216.81pt x 162.55989pt.

<ML7.jpg, id=34, 1171.37625pt x 878.28125pt>
File: ML7.jpg Graphic file (type jpg)
 <use ML7.jpg>
Package pdftex.def Info: ML7.jpg used on input line 115.
(pdftex.def)             Requested size: 216.81pt x 162.55989pt.
File: MAP5.jpg Graphic file (type jpg)
 <use MAP5.jpg>
Package pdftex.def Info: MAP5.jpg used on input line 121.
(pdftex.def)             Requested size: 216.81pt x 162.55989pt.
File: MAP7.jpg Graphic file (type jpg)

<use MAP7.jpg>
Package pdftex.def Info: MAP7.jpg used on input line 122.
(pdftex.def)             Requested size: 216.81pt x 162.55989pt.
File: 100comparison5.jpg Graphic file (type jpg)
 <use 100comparison5.jpg>
Package pdftex.def Info: 100comparison5.jpg used on input line 128.
(pdftex.def)             Requested size: 216.81pt x 162.55989pt.

<100comparison7.jpg, id=35, 1171.37625pt x 878.28125pt>
File: 100comparison7.jpg Graphic file (type jpg)

<use 100comparison7.jpg>
Package pdftex.def Info: 100comparison7.jpg used on input line 129.
(pdftex.def)             Requested size: 216.81pt x 162.55989pt.
 <exp7toConverge.jpg, id=36, 1124.2pt x 843.15pt>
File: exp7toConverge.jpg Graphic file (type jpg)

<use exp7toConverge.jpg>
Package pdftex.def Info: exp7toConverge.jpg used on input line 136.
(pdftex.def)             Requested size: 289.07999pt x 216.80798pt.
 [5 <./ML7.jpg> <./100comparison7.jpg>]
File: 100comparison1.jpg Graphic file (type jpg)

<use 100comparison1.jpg>
Package pdftex.def Info: 100comparison1.jpg used on input line 144.
(pdftex.def)             Requested size: 216.81pt x 162.55989pt.

<100comparison3.jpg, id=40, 1171.37625pt x 878.28125pt>
File: 100comparison3.jpg Graphic file (type jpg)

<use 100comparison3.jpg>
Package pdftex.def Info: 100comparison3.jpg used on input line 145.
(pdftex.def)             Requested size: 216.81pt x 162.55989pt.
 [6 <./exp7toConverge.jpg> <./100comparison3.jpg>]
File: ML5.jpg Graphic file (type jpg)

<use ML5.jpg>
Package pdftex.def Info: ML5.jpg used on input line 155.
(pdftex.def)             Requested size: 216.81pt x 162.55989pt.
 <ML6.jpg, id=44, 1171.37625pt x 878.28125pt>
File: ML6.jpg Graphic file (type jpg)
 <use ML6.jpg>
Package pdftex.def Info: ML6.jpg used on input line 156.
(pdftex.def)             Requested size: 216.81pt x 162.55989pt.
File: MAP5.jpg Graphic file (type jpg)

<use MAP5.jpg>
Package pdftex.def Info: MAP5.jpg used on input line 162.
(pdftex.def)             Requested size: 216.81pt x 162.55989pt.
 <MAP6.jpg, id=45, 1171.37625pt x 878.28125pt>
File: MAP6.jpg Graphic file (type jpg)
 <use MAP6.jpg>
Package pdftex.def Info: MAP6.jpg used on input line 163.
(pdftex.def)             Requested size: 216.81pt x 162.55989pt.
File: 100comparison5.jpg Graphic file (type jpg)

<use 100comparison5.jpg>
Package pdftex.def Info: 100comparison5.jpg used on input line 169.
(pdftex.def)             Requested size: 216.81pt x 162.55989pt.

<100comparison6.jpg, id=46, 1171.37625pt x 878.28125pt>
File: 100comparison6.jpg Graphic file (type jpg)

<use 100comparison6.jpg>
Package pdftex.def Info: 100comparison6.jpg used on input line 170.
(pdftex.def)             Requested size: 216.81pt x 162.55989pt.
 [7 <./ML6.jpg> <./MAP6.jpg> <./100comparison6.jpg>]
File: 100comparison1.jpg Graphic file (type jpg)

<use 100comparison1.jpg>
Package pdftex.def Info: 100comparison1.jpg used on input line 178.
(pdftex.def)             Requested size: 216.81pt x 162.55989pt.

<100comparison2.jpg, id=51, 1171.37625pt x 878.28125pt>
File: 100comparison2.jpg Graphic file (type jpg)

<use 100comparison2.jpg>
Package pdftex.def Info: 100comparison2.jpg used on input line 179.
(pdftex.def)             Requested size: 216.81pt x 162.55989pt.
 <posterior1.jpg, id=52, 1171.37625pt x 878.28125pt>
File: posterior1.jpg Graphic file (type jpg)

<use posterior1.jpg>
Package pdftex.def Info: posterior1.jpg used on input line 188.
(pdftex.def)             Requested size: 216.81pt x 162.55989pt.
 <posterior5.jpg, id=53, 1171.37625pt x 878.28125pt>
File: posterior5.jpg Graphic file (type jpg)

<use posterior5.jpg>
Package pdftex.def Info: posterior5.jpg used on input line 189.
(pdftex.def)             Requested size: 216.81pt x 162.55989pt.
 <posterior2.jpg, id=54, 1171.37625pt x 878.28125pt>
File: posterior2.jpg Graphic file (type jpg)

<use posterior2.jpg>
Package pdftex.def Info: posterior2.jpg used on input line 196.
(pdftex.def)             Requested size: 216.81pt x 162.55989pt.
 <posterior6.jpg, id=55, 1171.37625pt x 878.28125pt>
File: posterior6.jpg Graphic file (type jpg)

<use posterior6.jpg>
Package pdftex.def Info: posterior6.jpg used on input line 197.
(pdftex.def)             Requested size: 216.81pt x 162.55989pt.
 [8 <./100comparison2.jpg> <./posterior1.jpg> <./posterior5.jpg>]
Underfull \hbox (badness 10000) in paragraph at lines 202--203

 []

[9 <./posterior2.jpg> <./posterior6.jpg>] [10] [11]
Overfull \hbox (23.16476pt too wide) in paragraph at lines 249--250
[][][][][][][][][][][][][][][][][][][][][][][][][][][][][][][][][][] 
 []


Overfull \hbox (227.16684pt too wide) in paragraph at lines 250--251
[][][][][][][][][][][][][][][][][][][][][][][][][][][][][][][][][][][][][][][] 

 []


Overfull \hbox (29.16483pt too wide) in paragraph at lines 257--258
[][][][][][][][][][][][][][][][][][][][][][][][][][][][][][][][][][][] 
 []


Overfull \hbox (5.16458pt too wide) in paragraph at lines 258--259
[][][][][][][][][][][][][][][][][][][][][][][][][][] 
 []

[12]
Overfull \hbox (215.16672pt too wide) in paragraph at lines 284--285
[][][][][][][][][][][][][][][][][][][][][][][][][][][][][][][][][][][][][][][][
][][][][][][][][] 
 []

[13] (./HW4_hudanyun_sheng.aux)

LaTeX Warning: There were multiply-defined labels.

 ) 
Here is how much of TeX's memory you used:
 4511 strings out of 493089
 63143 string characters out of 6134842
 160697 words of memory out of 5000000
 7910 multiletter control sequences out of 15000+600000
 6551 words of font info for 26 fonts, out of 8000000 for 9000
 1141 hyphenation exceptions out of 8191
 38i,9n,32p,929b,1517s stack positions out of 5000i,500n,10000p,200000b,80000s
</usr/local/texlive/2015/texmf-dist/fonts/type1/public/amsfonts/cm/cmbx10.pfb
></usr/local/texlive/2015/texmf-dist/fonts/type1/public/amsfonts/cm/cmbx12.pfb>
</usr/local/texlive/2015/texmf-dist/fonts/type1/public/amsfonts/cm/cmmi10.pfb><
/usr/local/texlive/2015/texmf-dist/fonts/type1/public/amsfonts/cm/cmmi7.pfb></u
sr/local/texlive/2015/texmf-dist/fonts/type1/public/amsfonts/cm/cmr10.pfb></usr
/local/texlive/2015/texmf-dist/fonts/type1/public/amsfonts/cm/cmr12.pfb></usr/l
ocal/texlive/2015/texmf-dist/fonts/type1/public/amsfonts/cm/cmr17.pfb></usr/loc
al/texlive/2015/texmf-dist/fonts/type1/public/amsfonts/cm/cmr7.pfb></usr/local/
texlive/2015/texmf-dist/fonts/type1/public/amsfonts/cm/cmsy10.pfb>
Output written on HW4_hudanyun_sheng.pdf (13 pages, 2443278 bytes).
PDF statistics:
 105 PDF objects out of 1000 (max. 8388607)
 58 compressed objects within 1 object stream
 0 named destinations out of 1000 (max. 500000)
 111 words of extra memory for PDF output out of 10000 (max. 10000000)

